<?xml version="1.0" encoding="UTF-8"?>
<!-- Generated by org.testng.reporters.JUnitReportReporter -->
<testsuite hostname="DSV" failures="0" tests="4" name="testNG.InvocationCountTest" time="0.058" errors="0" timestamp="2024-07-26T10:33:53 IST" skipped="0">
  <testcase classname="testNG.InvocationCountTest" name="sample3" time="0.006"/>
  <system-out>
    <![CDATA[sample3]]>
  </system-out>
  <testcase classname="testNG.InvocationCountTest" name="sample2" time="0.035"/>
  <system-out>
    <![CDATA[sample2]]>
  </system-out>
  <testcase classname="testNG.InvocationCountTest" name="sample2" time="0.008"/>
  <system-out>
    <![CDATA[sample2]]>
  </system-out>
  <testcase classname="testNG.InvocationCountTest" name="sample2" time="0.009"/>
  <system-out>
    <![CDATA[sample2]]>
  </system-out>
</testsuite> <!-- testNG.InvocationCountTest -->
