<?xml version="1.0" encoding="UTF-8"?>
<!-- Generated by org.testng.reporters.JUnitReportReporter -->
<testsuite hostname="DSV" failures="0" tests="5" name="testNG.PriorityFlagTest" time="0.065" errors="0" timestamp="2024-07-26T10:26:01 IST" skipped="0">
  <testcase classname="testNG.PriorityFlagTest" name="sample5" time="0.024"/>
  <system-out>
    <![CDATA[sample5]]>
  </system-out>
  <testcase classname="testNG.PriorityFlagTest" name="sample1" time="0.023"/>
  <system-out>
    <![CDATA[sample1]]>
  </system-out>
  <testcase classname="testNG.PriorityFlagTest" name="sample4" time="0.004"/>
  <system-out>
    <![CDATA[sample4]]>
  </system-out>
  <testcase classname="testNG.PriorityFlagTest" name="sample3" time="0.007"/>
  <system-out>
    <![CDATA[sample3]]>
  </system-out>
  <testcase classname="testNG.PriorityFlagTest" name="sample2" time="0.007"/>
  <system-out>
    <![CDATA[sample2]]>
  </system-out>
</testsuite> <!-- testNG.PriorityFlagTest -->
