<?xml version="1.0" encoding="UTF-8"?>
<!-- Generated by org.testng.reporters.JUnitReportReporter -->
<testsuite hostname="DSV" failures="0" tests="1" name="testNG.RetryTest" time="0.019" errors="0" timestamp="2024-08-03T10:49:00 IST" skipped="0">
  <testcase classname="testNG.RetryTest" name="test" time="0.019"/>
  <system-out>
    <![CDATA[test]]>
  </system-out>
</testsuite> <!-- testNG.RetryTest -->
