<?xml version="1.0" encoding="UTF-8"?>
<!-- Generated by org.testng.reporters.JUnitReportReporter -->
<testsuite hostname="DSV" failures="0" tests="3" name="dataprovider.DataProviderTest" time="0.045" errors="0" timestamp="2024-08-08T09:46:50 IST" skipped="0">
  <testcase classname="dataprovider.DataProviderTest" name="bookTicketTest" time="0.031"/>
  <system-out/>
  <testcase classname="dataprovider.DataProviderTest" name="bookTicketTest" time="0.006"/>
  <system-out/>
  <testcase classname="dataprovider.DataProviderTest" name="bookTicketTest" time="0.008"/>
  <system-out/>
</testsuite> <!-- dataprovider.DataProviderTest -->
