<?xml version="1.0" encoding="UTF-8"?>
<!-- Generated by org.testng.reporters.JUnitReportReporter -->
<testsuite hostname="DSV" failures="0" tests="1" name="testNG.SampleTest" time="0.041" errors="0" timestamp="2024-08-17T09:58:38 IST" skipped="0">
  <testcase classname="testNG.SampleTest" name="demo" time="0.041"/>
  <system-out>
    <![CDATA[Hello Universe!]]>
  </system-out>
</testsuite> <!-- testNG.SampleTest -->
