<?xml version="1.0" encoding="UTF-8"?>
<!-- Generated by org.testng.reporters.JUnitReportReporter -->
<testsuite hostname="DSV" failures="0" tests="2" name="testNG.EnabledTest" time="0.025" errors="0" timestamp="2024-07-26T10:40:03 IST" skipped="1">
  <testcase classname="testNG.EnabledTest" name="sample3" time="0.025"/>
  <system-out>
    <![CDATA[sample3]]>
  </system-out>
  <testcase classname="testNG.EnabledTest" name="sample2">
    <skipped/>
  </testcase> <!-- sample2 -->
  <system-out/>
</testsuite> <!-- testNG.EnabledTest -->
